  Assembling main.asm...
main.asm(1): error A2008: syntax error : .
main.asm(2): error A2008: syntax error : .
d:\masm32\include\windows.inc(9750): error A2008: syntax errord:\masm32\include\windows.inc(10183)d size
d:\masm32\include\windows.inc(10183): error A2008: syntax erro
d:\masm32\include\windows.inc(16333): error A2008: syntax errod:\masm32\include\windows.inc(18862)d size
d:\masm32\include\windows.inc(18862): error A2008: syntax errod:\masm32\include\winextra.inc(11052)ed size
d:\masm32\include\winextra.inc(11052): error A2026: constant ed:\masm32\include\winextra.inc(11053)ed size
d:\masm32\include\winextra.inc(11053): error A2026: constant emain.asm(23) : error A2008:syntax error : invoke
main.asm(26): error A2008: syntax error : invoke
main.asm(28): error A2008: syntax error : invoke
main.asm(29): error A2008: syntax error : ExitProcess
main.asm(41): error A2070: invalid instruction operands
main.asm(42): error A2070: invalid instruction operands
main.asm(46): error A2008: syntax error : invoke
main.asm(49): error A2008: syntax error : invoke
main.asm(51): error A2008: syntax error : invoke
main.asm(52): error A2008: syntax error : invoke
main.asm(65): error A2008: syntax error : invoke
main.asm(66): error A2008: syntax error : invoke
main.asm(68): error A2008: syntax error : .
main.asm(69): error A2008: syntax error : invoke
main.asm(70): error A2044: invalid character in file
main.asm(71): error A2008: syntax error : invoke
main.asm(72): error A2008: syntax error : invoke
main.asm(73): error A2008: syntax error : .
main.asm(83): error A2008: syntax error : IF
main.asm(84): error A2008: syntax error : invoke
main.asm(85): error A2008: syntax error : ELSEIF
main.asm(86): error A2008: syntax error : invoke
main.asm(88): error A2008: syntax error : invoke
main.asm(89): error A2008: syntax error : DrawTextA
main.asm(91): error A2008: syntax error : invoke
main.asm(92): error A2008: syntax error : .
main.asm(93): error A2008: syntax error : invoke
main.asm(95): error A2008: syntax error : .
main.asm(100): error A2008: syntax error : start
main.asm(100): error A2088: END directive required at end of file
main.asm(76): warning A6004: procedure argument or local not referenced : hInst
main.asm(76): warning A6004: procedure argument or local not referenced : hPrevInst
main.asm(76): warning A6004: procedure argument or local not referenced : CmdLine
main.asm(76): warning A6004: procedure argument or local not referenced : CmdShow
main.asm(98): warning A6004: procedure argument or local not referenced : hWnd
main.asm(98): warning A6004: procedure argument or local not referenced : uMsg
main.asm(98): warning A6004: procedure argument or local not referenced : wParam
main.asm(98): warning A6004: procedure argument or local not referenced : lParam
main.asm(98): warning A6004: procedure argument or local not referenced : ps
main.asm(98): warning A6004: procedure argument or local not referenced : rect
C:\Program Files (x86)\MSBuild\Microsoft.Cpp\v4.0\V140\BuildCustomizations\masm.targets(50,5): error MSB3721: The command "ml64.exe /c /nologo /Zi /Fo"x64\Debug\main.obj" /W3 /errorReport:prompt  /Tamain.asm" exited with code 1.
